2025-09-30 09:15:23 | alice | POST /reports/generate | request_id=req_789
2025-09-30 09:16:45 | bob | POST /export | request_id=req_800
2025-09-30 09:17:12 | alice | GET /data/customers | request_id=req_801
2025-09-30 09:18:30 | charlie | POST /analytics/run | request_id=req_802
2025-09-30 09:19:05 | alice | DELETE /temp/cache | request_id=req_803
2025-09-30 09:20:15 | bob | POST /reports/generate | request_id=req_804
2025-09-30 09:21:33 | david | GET /admin/users | request_id=req_805
2025-09-30 09:22:10 | alice | POST /backup/create | request_id=req_806
2025-09-30 09:23:45 | charlie | POST /export | request_id=req_807
2025-09-30 09:24:20 | bob | GET /data/orders | request_id=req_808
2025-09-30 09:25:50 | alice | POST /reports/generate | request_id=req_809
2025-09-30 09:26:30 | eve | POST /sync/external | request_id=req_810
2025-09-30 09:27:15 | bob | DELETE /reports/old | request_id=req_811
2025-09-30 09:28:05 | alice | GET /metrics/daily | request_id=req_812
2025-09-30 09:29:40 | charlie | POST /notifications/send | request_id=req_813
2025-09-30 09:30:22 | david | POST /audit/export | request_id=req_814
2025-09-30 09:31:10 | alice | POST /analytics/run | request_id=req_815
2025-09-30 09:32:05 | bob | GET /dashboard/stats | request_id=req_816
2025-09-30 09:33:20 | eve | POST /import/data | request_id=req_817
2025-09-30 09:34:15 | alice | POST /cleanup/temp | request_id=req_818
